Determining if the pthread_create exist failed with the following output:
Change Dir: /home/ding/catkin_lxxf/build/CMakeFiles/CMakeTmp

Run Build Command:/usr/bin/make "cmTryCompileExec1138948453/fast"
/usr/bin/make -f CMakeFiles/cmTryCompileExec1138948453.dir/build.make CMakeFiles/cmTryCompileExec1138948453.dir/build
make[1]: 正在进入目录 `/home/ding/catkin_lxxf/build/CMakeFiles/CMakeTmp'
/usr/bin/cmake -E cmake_progress_report /home/ding/catkin_lxxf/build/CMakeFiles/CMakeTmp/CMakeFiles 1
Building C object CMakeFiles/cmTryCompileExec1138948453.dir/CheckSymbolExists.c.o
/usr/bin/cc    -o CMakeFiles/cmTryCompileExec1138948453.dir/CheckSymbolExists.c.o   -c /home/ding/catkin_lxxf/build/CMakeFiles/CMakeTmp/CheckSymbolExists.c
Linking C executable cmTryCompileExec1138948453
/usr/bin/cmake -E cmake_link_script CMakeFiles/cmTryCompileExec1138948453.dir/link.txt --verbose=1
/usr/bin/cc       CMakeFiles/cmTryCompileExec1138948453.dir/CheckSymbolExists.c.o  -o cmTryCompileExec1138948453 -rdynamic 
CMakeFiles/cmTryCompileExec1138948453.dir/CheckSymbolExists.c.o：在函数‘main’中：
CheckSymbolExists.c:(.text+0xa)：对‘pthread_create’未定义的引用
collect2: error: ld returned 1 exit status
make[1]: *** [cmTryCompileExec1138948453] 错误 1
make[1]:正在离开目录 `/home/ding/catkin_lxxf/build/CMakeFiles/CMakeTmp'
make: *** [cmTryCompileExec1138948453/fast] 错误 2

File /home/ding/catkin_lxxf/build/CMakeFiles/CMakeTmp/CheckSymbolExists.c:
/* */
#include <pthread.h>

int main(int argc, char** argv)
{
  (void)argv;
#ifndef pthread_create
  return ((int*)(&pthread_create))[argc];
#else
  (void)argc;
  return 0;
#endif
}

Determining if the function pthread_create exists in the pthreads failed with the following output:
Change Dir: /home/ding/catkin_lxxf/build/CMakeFiles/CMakeTmp

Run Build Command:/usr/bin/make "cmTryCompileExec1009855752/fast"
/usr/bin/make -f CMakeFiles/cmTryCompileExec1009855752.dir/build.make CMakeFiles/cmTryCompileExec1009855752.dir/build
make[1]: 正在进入目录 `/home/ding/catkin_lxxf/build/CMakeFiles/CMakeTmp'
/usr/bin/cmake -E cmake_progress_report /home/ding/catkin_lxxf/build/CMakeFiles/CMakeTmp/CMakeFiles 1
Building C object CMakeFiles/cmTryCompileExec1009855752.dir/CheckFunctionExists.c.o
/usr/bin/cc   -DCHECK_FUNCTION_EXISTS=pthread_create   -o CMakeFiles/cmTryCompileExec1009855752.dir/CheckFunctionExists.c.o   -c /usr/share/cmake-2.8/Modules/CheckFunctionExists.c
Linking C executable cmTryCompileExec1009855752
/usr/bin/cmake -E cmake_link_script CMakeFiles/cmTryCompileExec1009855752.dir/link.txt --verbose=1
/usr/bin/cc   -DCHECK_FUNCTION_EXISTS=pthread_create    CMakeFiles/cmTryCompileExec1009855752.dir/CheckFunctionExists.c.o  -o cmTryCompileExec1009855752 -rdynamic -lpthreads 
/usr/bin/ld: cannot find -lpthreads
collect2: error: ld returned 1 exit status
make[1]:正在离开目录 `/home/ding/catkin_lxxf/build/CMakeFiles/CMakeTmp'
make[1]: *** [cmTryCompileExec1009855752] 错误 1
make: *** [cmTryCompileExec1009855752/fast] 错误 2


